d:\cooper\documents\visual studio 2013\projects\cmatrix\cmatrix\debug\cmatrix.pch
d:\cooper\documents\visual studio 2013\projects\cmatrix\cmatrix\debug\vc120.pdb
d:\cooper\documents\visual studio 2013\projects\cmatrix\cmatrix\debug\vc120.idb
d:\cooper\documents\visual studio 2013\projects\cmatrix\cmatrix\debug\stdafx.obj
d:\cooper\documents\visual studio 2013\projects\cmatrix\cmatrix\debug\cmatrix.obj
d:\cooper\documents\visual studio 2013\projects\cmatrix\cmatrix\debug\one.obj
d:\cooper\documents\visual studio 2013\projects\cmatrix\debug\cmatrix.pdb
d:\cooper\documents\visual studio 2013\projects\cmatrix\cmatrix\debug\cmatrix.tlog\cl.command.1.tlog
d:\cooper\documents\visual studio 2013\projects\cmatrix\cmatrix\debug\cmatrix.tlog\cl.read.1.tlog
d:\cooper\documents\visual studio 2013\projects\cmatrix\cmatrix\debug\cmatrix.tlog\cl.write.1.tlog
d:\cooper\documents\visual studio 2013\projects\cmatrix\cmatrix\debug\cmatrix.tlog\link-cvtres.read.1.tlog
d:\cooper\documents\visual studio 2013\projects\cmatrix\cmatrix\debug\cmatrix.tlog\link-cvtres.write.1.tlog
d:\cooper\documents\visual studio 2013\projects\cmatrix\cmatrix\debug\cmatrix.tlog\link-rc.read.1.tlog
d:\cooper\documents\visual studio 2013\projects\cmatrix\cmatrix\debug\cmatrix.tlog\link-rc.write.1.tlog
d:\cooper\documents\visual studio 2013\projects\cmatrix\cmatrix\debug\cmatrix.tlog\link.8588-cvtres.read.1.tlog
d:\cooper\documents\visual studio 2013\projects\cmatrix\cmatrix\debug\cmatrix.tlog\link.8588-cvtres.write.1.tlog
d:\cooper\documents\visual studio 2013\projects\cmatrix\cmatrix\debug\cmatrix.tlog\link.8588-rc.read.1.tlog
d:\cooper\documents\visual studio 2013\projects\cmatrix\cmatrix\debug\cmatrix.tlog\link.8588-rc.write.1.tlog
d:\cooper\documents\visual studio 2013\projects\cmatrix\cmatrix\debug\cmatrix.tlog\link.8588.read.1.tlog
d:\cooper\documents\visual studio 2013\projects\cmatrix\cmatrix\debug\cmatrix.tlog\link.8588.write.1.tlog
d:\cooper\documents\visual studio 2013\projects\cmatrix\cmatrix\debug\cmatrix.tlog\link.command.1.tlog
d:\cooper\documents\visual studio 2013\projects\cmatrix\cmatrix\debug\cmatrix.tlog\link.read.1.tlog
d:\cooper\documents\visual studio 2013\projects\cmatrix\cmatrix\debug\cmatrix.tlog\link.write.1.tlog
