d:\cooper\documents\visual studio 2013\projects\test_technology\project5.4\debug\3dengine4.lib
d:\cooper\documents\visual studio 2013\projects\test_technology\project5.4\debug\3dengine4.exp
d:\cooper\documents\visual studio 2013\projects\test_technology\3dengine4\3dengine4\debug\3dengine4.pch
d:\cooper\documents\visual studio 2013\projects\test_technology\3dengine4\3dengine4\debug\vc120.pdb
d:\cooper\documents\visual studio 2013\projects\test_technology\3dengine4\3dengine4\debug\vc120.idb
d:\cooper\documents\visual studio 2013\projects\test_technology\3dengine4\3dengine4\debug\stdafx.obj
d:\cooper\documents\visual studio 2013\projects\test_technology\3dengine4\3dengine4\debug\3dengine4.obj
d:\cooper\documents\visual studio 2013\projects\test_technology\3dengine4\3dengine4\debug\ceuler.obj
d:\cooper\documents\visual studio 2013\projects\test_technology\3dengine4\3dengine4\debug\cglcamera.obj
d:\cooper\documents\visual studio 2013\projects\test_technology\3dengine4\3dengine4\debug\cglcontrol.obj
d:\cooper\documents\visual studio 2013\projects\test_technology\3dengine4\3dengine4\debug\cglmath.obj
d:\cooper\documents\visual studio 2013\projects\test_technology\3dengine4\3dengine4\debug\cmatrix.obj
d:\cooper\documents\visual studio 2013\projects\test_technology\3dengine4\3dengine4\debug\copengl.obj
d:\cooper\documents\visual studio 2013\projects\test_technology\3dengine4\3dengine4\debug\cquaternion.obj
d:\cooper\documents\visual studio 2013\projects\test_technology\3dengine4\3dengine4\debug\cvector3.obj
d:\cooper\documents\visual studio 2013\projects\test_technology\3dengine4\3dengine4\debug\glfont.obj
d:\cooper\documents\visual studio 2013\projects\test_technology\3dengine4\3dengine4\debug\glpicload.obj
d:\cooper\documents\visual studio 2013\projects\test_technology\3dengine4\3dengine4\debug\glrecorder.obj
d:\cooper\documents\visual studio 2013\projects\test_technology\3dengine4\3dengine4\debug\glshape.obj
d:\cooper\documents\visual studio 2013\projects\test_technology\3dengine4\3dengine4\debug\gltime.obj
d:\cooper\documents\visual studio 2013\projects\test_technology\3dengine4\3dengine4\debug\dllmain.obj
d:\cooper\documents\visual studio 2013\projects\test_technology\project5.4\debug\3dengine4.ilk
d:\cooper\documents\visual studio 2013\projects\test_technology\project5.4\debug\3dengine4.dll
d:\cooper\documents\visual studio 2013\projects\test_technology\project5.4\debug\3dengine4.pdb
d:\cooper\documents\visual studio 2013\projects\test_technology\3dengine4\3dengine4\debug\3dengine4.res
d:\cooper\documents\visual studio 2013\projects\test_technology\3dengine4\3dengine4\debug\3dengine4.tlog\3dengine4.write.1u.tlog
d:\cooper\documents\visual studio 2013\projects\test_technology\3dengine4\3dengine4\debug\3dengine4.tlog\cl.command.1.tlog
d:\cooper\documents\visual studio 2013\projects\test_technology\3dengine4\3dengine4\debug\3dengine4.tlog\cl.read.1.tlog
d:\cooper\documents\visual studio 2013\projects\test_technology\3dengine4\3dengine4\debug\3dengine4.tlog\cl.write.1.tlog
d:\cooper\documents\visual studio 2013\projects\test_technology\3dengine4\3dengine4\debug\3dengine4.tlog\link.command.1.tlog
d:\cooper\documents\visual studio 2013\projects\test_technology\3dengine4\3dengine4\debug\3dengine4.tlog\link.read.1.tlog
d:\cooper\documents\visual studio 2013\projects\test_technology\3dengine4\3dengine4\debug\3dengine4.tlog\link.write.1.tlog
d:\cooper\documents\visual studio 2013\projects\test_technology\3dengine4\3dengine4\debug\3dengine4.tlog\rc.command.1.tlog
d:\cooper\documents\visual studio 2013\projects\test_technology\3dengine4\3dengine4\debug\3dengine4.tlog\rc.read.1.tlog
d:\cooper\documents\visual studio 2013\projects\test_technology\3dengine4\3dengine4\debug\3dengine4.tlog\rc.write.1.tlog
