d:\cooper\documents\visual studio 2013\projects\test_technology\project5.4\project5.4\debug\project5.4.pch
d:\cooper\documents\visual studio 2013\projects\test_technology\project5.4\project5.4\debug\vc120.pdb
d:\cooper\documents\visual studio 2013\projects\test_technology\project5.4\project5.4\debug\vc120.idb
d:\cooper\documents\visual studio 2013\projects\test_technology\project5.4\project5.4\debug\stdafx.obj
d:\cooper\documents\visual studio 2013\projects\test_technology\project5.4\project5.4\debug\cmyopengl.obj
d:\cooper\documents\visual studio 2013\projects\test_technology\project5.4\project5.4\debug\mainfrm.obj
d:\cooper\documents\visual studio 2013\projects\test_technology\project5.4\project5.4\debug\project5.4.obj
d:\cooper\documents\visual studio 2013\projects\test_technology\project5.4\project5.4\debug\project5.4doc.obj
d:\cooper\documents\visual studio 2013\projects\test_technology\project5.4\project5.4\debug\project5.4view.obj
d:\cooper\documents\visual studio 2013\projects\test_technology\project5.4\debug\project5.4.ilk
d:\cooper\documents\visual studio 2013\projects\test_technology\project5.4\debug\project5.4.exe
d:\cooper\documents\visual studio 2013\projects\test_technology\project5.4\debug\project5.4.pdb
d:\cooper\documents\visual studio 2013\projects\test_technology\project5.4\debug\project5.4.lib
d:\cooper\documents\visual studio 2013\projects\test_technology\project5.4\debug\project5.4.exp
d:\cooper\documents\visual studio 2013\projects\test_technology\project5.4\project5.4\debug\project5.4.res
d:\cooper\documents\visual studio 2013\projects\test_technology\project5.4\project5.4\debug\project5.4.tlog\cl.command.1.tlog
d:\cooper\documents\visual studio 2013\projects\test_technology\project5.4\project5.4\debug\project5.4.tlog\cl.read.1.tlog
d:\cooper\documents\visual studio 2013\projects\test_technology\project5.4\project5.4\debug\project5.4.tlog\cl.write.1.tlog
d:\cooper\documents\visual studio 2013\projects\test_technology\project5.4\project5.4\debug\project5.4.tlog\link.command.1.tlog
d:\cooper\documents\visual studio 2013\projects\test_technology\project5.4\project5.4\debug\project5.4.tlog\link.read.1.tlog
d:\cooper\documents\visual studio 2013\projects\test_technology\project5.4\project5.4\debug\project5.4.tlog\link.write.1.tlog
d:\cooper\documents\visual studio 2013\projects\test_technology\project5.4\project5.4\debug\project5.4.tlog\project5.4.write.1u.tlog
d:\cooper\documents\visual studio 2013\projects\test_technology\project5.4\project5.4\debug\project5.4.tlog\rc.command.1.tlog
d:\cooper\documents\visual studio 2013\projects\test_technology\project5.4\project5.4\debug\project5.4.tlog\rc.read.1.tlog
d:\cooper\documents\visual studio 2013\projects\test_technology\project5.4\project5.4\debug\project5.4.tlog\rc.write.1.tlog
